0 info it worked if it ends with ok
1 verbose cli [ '/usr/local/bin/node', '/usr/local/bin/npm', 'run', 'start' ]
2 info using npm@4.0.5
3 info using node@v5.9.1
4 verbose run-script [ 'prestart', 'start', 'poststart' ]
5 info lifecycle touping2@1.0.0~prestart: touping2@1.0.0
6 silly lifecycle touping2@1.0.0~prestart: no script for prestart, continuing
7 info lifecycle touping2@1.0.0~start: touping2@1.0.0
8 verbose lifecycle touping2@1.0.0~start: unsafe-perm in lifecycle true
9 verbose lifecycle touping2@1.0.0~start: PATH: /usr/local/lib/node_modules/npm/bin/node-gyp-bin:/Users/qiansr/TEST/3S/touping2/node_modules/.bin:/usr/local/sbin:/usr/local/sbin:/usr/bin:/bin:/usr/sbin:/sbin:/usr/local/bin:/Users/qiansr/.rvm/bin
10 verbose lifecycle touping2@1.0.0~start: CWD: /Users/qiansr/TEST/3S/touping2
11 silly lifecycle touping2@1.0.0~start: Args: [ '-c', 'webpack-dev-server --inline --hot' ]
12 silly lifecycle touping2@1.0.0~start: Returned: code: 1  signal: null
13 info lifecycle touping2@1.0.0~start: Failed to exec start script
14 verbose stack Error: touping2@1.0.0 start: `webpack-dev-server --inline --hot`
14 verbose stack Exit status 1
14 verbose stack     at EventEmitter.<anonymous> (/usr/local/lib/node_modules/npm/lib/utils/lifecycle.js:279:16)
14 verbose stack     at emitTwo (events.js:100:13)
14 verbose stack     at EventEmitter.emit (events.js:185:7)
14 verbose stack     at ChildProcess.<anonymous> (/usr/local/lib/node_modules/npm/lib/utils/spawn.js:40:14)
14 verbose stack     at emitTwo (events.js:100:13)
14 verbose stack     at ChildProcess.emit (events.js:185:7)
14 verbose stack     at maybeClose (internal/child_process.js:850:16)
14 verbose stack     at Process.ChildProcess._handle.onexit (internal/child_process.js:215:5)
15 verbose pkgid touping2@1.0.0
16 verbose cwd /Users/qiansr/TEST/3S/touping2
17 error Darwin 15.4.0
18 error argv "/usr/local/bin/node" "/usr/local/bin/npm" "run" "start"
19 error node v5.9.1
20 error npm  v4.0.5
21 error code ELIFECYCLE
22 error touping2@1.0.0 start: `webpack-dev-server --inline --hot`
22 error Exit status 1
23 error Failed at the touping2@1.0.0 start script 'webpack-dev-server --inline --hot'.
23 error Make sure you have the latest version of node.js and npm installed.
23 error If you do, this is most likely a problem with the touping2 package,
23 error not with npm itself.
23 error Tell the author that this fails on your system:
23 error     webpack-dev-server --inline --hot
23 error You can get information on how to open an issue for this project with:
23 error     npm bugs touping2
23 error Or if that isn't available, you can get their info via:
23 error     npm owner ls touping2
23 error There is likely additional logging output above.
24 verbose exit [ 1, true ]
